c:\users\blksey\documents\vısual studıo 2013\projects\vedets\vedets\x64\release\vc120.pdb
c:\users\blksey\documents\vısual studıo 2013\projects\vedets\vedets\x64\release\svm.obj
c:\users\blksey\documents\vısual studıo 2013\projects\vedets\vedets\x64\release\pıxelbasedadaptıvesegmenter.obj
c:\users\blksey\documents\vısual studıo 2013\projects\vedets\vedets\x64\release\pbas.obj
c:\users\blksey\documents\vısual studıo 2013\projects\vedets\vedets\x64\release\maın.obj
c:\users\blksey\documents\vısual studıo 2013\projects\vedets\vedets\x64\release\framedıfferencebgs.obj
c:\users\blksey\documents\vısual studıo 2013\projects\vedets\vedets\x64\release\cvtrack.obj
c:\users\blksey\documents\vısual studıo 2013\projects\vedets\vedets\x64\release\cvlabel.obj
c:\users\blksey\documents\vısual studıo 2013\projects\vedets\vedets\x64\release\cvcontour.obj
c:\users\blksey\documents\vısual studıo 2013\projects\vedets\vedets\x64\release\cvcolor.obj
c:\users\blksey\documents\vısual studıo 2013\projects\vedets\vedets\x64\release\cvblob.obj
c:\users\blksey\documents\vısual studıo 2013\projects\vedets\vedets\x64\release\cvaux.obj
c:\users\blksey\documents\vısual studıo 2013\projects\vedets\vedets\x64\release\blobtrackıng.obj
c:\users\blksey\documents\vısual studıo 2013\projects\vedets\x64\release\vedets.exe
c:\users\blksey\documents\vısual studıo 2013\projects\vedets\x64\release\vedets.pdb
c:\users\blksey\documents\visual studio 2013\projects\vedets\vedets\x64\release\blobtracking.obj
c:\users\blksey\documents\visual studio 2013\projects\vedets\vedets\x64\release\cvaux.obj
c:\users\blksey\documents\visual studio 2013\projects\vedets\vedets\x64\release\cvblob.obj
c:\users\blksey\documents\visual studio 2013\projects\vedets\vedets\x64\release\cvcolor.obj
c:\users\blksey\documents\visual studio 2013\projects\vedets\vedets\x64\release\cvcontour.obj
c:\users\blksey\documents\visual studio 2013\projects\vedets\vedets\x64\release\cvlabel.obj
c:\users\blksey\documents\visual studio 2013\projects\vedets\vedets\x64\release\cvtrack.obj
c:\users\blksey\documents\visual studio 2013\projects\vedets\vedets\x64\release\framedifferencebgs.obj
c:\users\blksey\documents\visual studio 2013\projects\vedets\vedets\x64\release\main.obj
c:\users\blksey\documents\visual studio 2013\projects\vedets\vedets\x64\release\pbas.obj
c:\users\blksey\documents\visual studio 2013\projects\vedets\vedets\x64\release\pixelbasedadaptivesegmenter.obj
c:\users\blksey\documents\visual studio 2013\projects\vedets\vedets\x64\release\svm.obj
c:\users\blksey\documents\visual studio 2013\projects\vedets\vedets\x64\release\vc120.pdb
c:\users\blksey\documents\visual studio 2013\projects\vedets\x64\release\vedets.pdb
c:\users\blksey\documents\visual studio 2013\projects\vedets\x64\release\vedets.exe
c:\users\blksey\documents\visual studio 2013\projects\vedets\vedets\x64\release\vedets.tlog\cl.command.1.tlog
c:\users\blksey\documents\visual studio 2013\projects\vedets\vedets\x64\release\vedets.tlog\cl.read.1.tlog
c:\users\blksey\documents\visual studio 2013\projects\vedets\vedets\x64\release\vedets.tlog\cl.write.1.tlog
c:\users\blksey\documents\visual studio 2013\projects\vedets\vedets\x64\release\vedets.tlog\link.command.1.tlog
c:\users\blksey\documents\visual studio 2013\projects\vedets\vedets\x64\release\vedets.tlog\link.read.1.tlog
c:\users\blksey\documents\visual studio 2013\projects\vedets\vedets\x64\release\vedets.tlog\link.write.1.tlog
