Build started 15.01.2017 22:32:01.
     1>Project "C:\Users\blksey\documents\visual studio 2013\Projects\Vedets\Vedets\Vedets.vcxproj" on node 2 (Build target(s)).
     1>ClCompile:
         C:\Program Files (x86)\Microsoft Visual Studio 12.0\VC\bin\x86_amd64\CL.exe /c /IC:\opencv\opencv\build\include /IC:\opencv\opencv\build\include\opencv /Zi /nologo /W3 /WX- /sdl /O2 /Oi /GL /D "WIN32" /D NDEBUG /D _CONSOLE /D "_LIB" /D _CRT_SECURE_NO_DEPRECATE /D _CRT_NONSTDC_NO_DEPRECATE /D "_UNICODE" /D "UNICODE" /Gm- /EHsc /MT /GS /Gy /fp:precise /Zc:wchar_t /Zc:forScope /Fo"x64\Release\\" /Fd"x64\Release\vc120.pdb" /Gd /TP /errorReport:prompt Main.cpp
         Main.cpp
     1>Main.cpp(93): warning C4244: 'argument' : conversion from 'float' to 'int', possible loss of data
     1>Main.cpp(104): warning C4244: 'initializing' : conversion from 'int' to 'float', possible loss of data
     1>Main.cpp(108): warning C4244: '=' : conversion from 'int' to 'float', possible loss of data
     1>Main.cpp(311): warning C4244: 'initializing' : conversion from 'int' to 'float', possible loss of data
     1>Main.cpp(325): warning C4244: '=' : conversion from 'double' to 'float', possible loss of data
     1>Main.cpp(379): warning C4244: 'argument' : conversion from 'float' to 'int', possible loss of data
     1>Main.cpp(409): warning C4101: 'error_msg' : unreferenced local variable
     1>Main.cpp(407): warning C4101: 'input_file_name' : unreferenced local variable
     1>Main.cpp(408): warning C4101: 'model_file_name' : unreferenced local variable
       Link:
         C:\Program Files (x86)\Microsoft Visual Studio 12.0\VC\bin\x86_amd64\link.exe /ERRORREPORT:PROMPT /OUT:"C:\Users\blksey\documents\visual studio 2013\Projects\Vedets\x64\Release\Vedets.exe" /INCREMENTAL:NO /NOLOGO "C:\opencv\opencv\build\x64\vc12\staticlib\*.lib" comctl32.lib VFW32.lib opencv_calib3d2410d.lib opencv_contrib2410d.lib opencv_core2410.lib opencv_features2d2410d.lib opencv_flann2410d.lib opencv_gpu2410d.lib opencv_highgui2410d.lib opencv_highgui2410.lib opencv_imgproc2410.lib opencv_legacy2410d.lib opencv_ml2410d.lib opencv_nonfree2410d.lib opencv_objdetect2410d.lib opencv_photo2410d.lib opencv_stitching2410d.lib opencv_ts2410d.lib opencv_video2410d.lib opencv_videostab2410d.lib kernel32.lib user32.lib gdi32.lib winspool.lib comdlg32.lib advapi32.lib shell32.lib ole32.lib oleaut32.lib uuid.lib odbc32.lib odbccp32.lib /MANIFEST /MANIFESTUAC:"level='asInvoker' uiAccess='false'" /manifest:embed /DEBUG /PDB:"C:\Users\blksey\documents\visual studio 2013\Projects\Vedets\x64\Release\Vedets.pdb" /SUBSYSTEM:CONSOLE /OPT:REF /OPT:ICF /LTCG /TLBID:1 /DYNAMICBASE /NXCOMPAT /IMPLIB:"C:\Users\blksey\documents\visual studio 2013\Projects\Vedets\x64\Release\Vedets.lib" /MACHINE:X64 x64\Release\BlobTracking.obj
         x64\Release\cvaux.obj
         x64\Release\cvblob.obj
         x64\Release\cvcolor.obj
         x64\Release\cvcontour.obj
         x64\Release\cvlabel.obj
         x64\Release\cvtrack.obj
         x64\Release\FrameDifferenceBGS.obj
         x64\Release\Main.obj
         x64\Release\PBAS.obj
         x64\Release\PixelBasedAdaptiveSegmenter.obj
         x64\Release\svm.obj
         Generating code
         Finished generating code
         Vedets.vcxproj -> C:\Users\blksey\documents\visual studio 2013\Projects\Vedets\x64\Release\Vedets.exe
     1>Done Building Project "C:\Users\blksey\documents\visual studio 2013\Projects\Vedets\Vedets\Vedets.vcxproj" (Build target(s)).

Build succeeded.

Time Elapsed 00:00:07.43
